  Assets\modelData\Map001.FBX
  Assets\modelData\unityChan.fbx
  stdafx.cpp
  CGameObjectManager.cpp
  Game.cpp
  Pad.cpp
  IGameObject.cpp
  Map.cpp
c:\users\gc1832\desktop\ゲーム制作\wdengine\wdengine\gametemplate\game\map.cpp(28): error C2228: '.GetViewMatrix' の左側はクラス、構造体、共用体でなければなりません
  c:\users\gc1832\desktop\ゲーム制作\wdengine\wdengine\gametemplate\game\map.cpp(28): note: 型は 'Camera [4]' です。
c:\users\gc1832\desktop\ゲーム制作\wdengine\wdengine\gametemplate\game\map.cpp(27): error C2660: 'SkinModel::Draw': 関数に 1 個の引数を指定できません。
  c:\users\gc1832\desktop\ゲーム制作\wdengine\wdengine\gametemplate\game\graphics\skinmodel.h(60): note: 'SkinModel::Draw' の宣言を確認してください
  Player.cpp
c:\users\gc1832\desktop\ゲーム制作\wdengine\wdengine\gametemplate\game\player.cpp(20): error C2228: '.GetPosition' の左側はクラス、構造体、共用体でなければなりません
  c:\users\gc1832\desktop\ゲーム制作\wdengine\wdengine\gametemplate\game\player.cpp(20): note: 型は 'Camera [4]' です。
c:\users\gc1832\desktop\ゲーム制作\wdengine\wdengine\gametemplate\game\player.cpp(38): error C2660: 'SkinModel::Draw': 関数に 1 個の引数を指定できません。
  c:\users\gc1832\desktop\ゲーム制作\wdengine\wdengine\gametemplate\game\graphics\skinmodel.h(60): note: 'SkinModel::Draw' の宣言を確認してください
  PlayerCamera.cpp
  PlayerTwo.cpp
c:\users\gc1832\desktop\ゲーム制作\wdengine\wdengine\gametemplate\game\playertwo.cpp(35): error C2228: '.GetViewMatrix' の左側はクラス、構造体、共用体でなければなりません
  c:\users\gc1832\desktop\ゲーム制作\wdengine\wdengine\gametemplate\game\playertwo.cpp(35): note: 型は 'Camera [4]' です。
c:\users\gc1832\desktop\ゲーム制作\wdengine\wdengine\gametemplate\game\playertwo.cpp(34): error C2660: 'SkinModel::Draw': 関数に 1 個の引数を指定できません。
  c:\users\gc1832\desktop\ゲーム制作\wdengine\wdengine\gametemplate\game\graphics\skinmodel.h(60): note: 'SkinModel::Draw' の宣言を確認してください
  Sprite.cpp
  CharacterController.cpp
  Camera.cpp
  GraphicsEngine.cpp
  Shader.cpp
  ShaderResources.cpp
  Skeleton.cpp
  SkinModel.cpp
c:\users\gc1832\desktop\ゲーム制作\wdengine\wdengine\gametemplate\game\graphics\skinmodel.cpp(177): error C2228: '.GetPosition' の左側はクラス、構造体、共用体でなければなりません
  c:\users\gc1832\desktop\ゲーム制作\wdengine\wdengine\gametemplate\game\graphics\skinmodel.cpp(177): note: 型は 'Camera [4]' です。
  SkinModelDataManager.cpp
  SkinModelEffect.cpp
  Animation.cpp
  AnimationClip.cpp
  コードを生成中...
  コンパイル中...
  AnimationPlayController.cpp
  Level.cpp
  MapChip.cpp
c:\users\gc1832\desktop\ゲーム制作\wdengine\wdengine\gametemplate\game\level\mapchip.cpp(17): error C2228: '.GetViewMatrix' の左側はクラス、構造体、共用体でなければなりません
  c:\users\gc1832\desktop\ゲーム制作\wdengine\wdengine\gametemplate\game\level\mapchip.cpp(17): note: 型は 'Camera [4]' です。
c:\users\gc1832\desktop\ゲーム制作\wdengine\wdengine\gametemplate\game\level\mapchip.cpp(17): error C2660: 'SkinModel::Draw': 関数に 1 個の引数を指定できません。
  c:\users\gc1832\desktop\ゲーム制作\wdengine\wdengine\gametemplate\game\graphics\skinmodel.h(60): note: 'SkinModel::Draw' の宣言を確認してください
  main.cpp
c:\users\gc1832\desktop\ゲーム制作\wdengine\wdengine\gametemplate\game\main.cpp(20): error C2228: '.SetPosition' の左側はクラス、構造体、共用体でなければなりません
  c:\users\gc1832\desktop\ゲーム制作\wdengine\wdengine\gametemplate\game\main.cpp(20): note: 型は 'Camera [4]' です。
  Matrix.cpp
  Vector.cpp
  kMath.cpp
  CapsuleCollider.cpp
  MeshCollider.cpp
  Physics.cpp
  PhysicsStaticObject.cpp
  RigidBody.cpp
  system.cpp
  コードを生成中...
