c:\users\gc1832\desktop\ゲーム制作\wdengine\wdengine\gametemplate\game\x64\debug\game.pch
c:\users\gc1832\desktop\ゲーム制作\wdengine\wdengine\gametemplate\game\x64\debug\vc141.pdb
c:\users\gc1832\desktop\ゲーム制作\wdengine\wdengine\gametemplate\game\x64\debug\vc141.idb
c:\users\gc1832\desktop\ゲーム制作\wdengine\wdengine\gametemplate\game\x64\debug\stdafx.obj
c:\users\gc1832\desktop\ゲーム制作\wdengine\wdengine\gametemplate\game\x64\debug\matrix.obj
c:\users\gc1832\desktop\ゲーム制作\wdengine\wdengine\gametemplate\game\x64\debug\kmath.obj
c:\users\gc1832\desktop\ゲーム制作\wdengine\wdengine\gametemplate\game\x64\debug\main.obj
c:\users\gc1832\desktop\ゲーム制作\wdengine\wdengine\gametemplate\game\x64\debug\mapchip.obj
c:\users\gc1832\desktop\ゲーム制作\wdengine\wdengine\gametemplate\game\x64\debug\level.obj
c:\users\gc1832\desktop\ゲーム制作\wdengine\wdengine\gametemplate\game\x64\debug\igameobject.obj
c:\users\gc1832\desktop\ゲーム制作\wdengine\wdengine\gametemplate\game\x64\debug\pad.obj
c:\users\gc1832\desktop\ゲーム制作\wdengine\wdengine\gametemplate\game\x64\debug\skinmodeleffect.obj
c:\users\gc1832\desktop\ゲーム制作\wdengine\wdengine\gametemplate\game\x64\debug\skinmodeldatamanager.obj
c:\users\gc1832\desktop\ゲーム制作\wdengine\wdengine\gametemplate\game\x64\debug\skinmodel.obj
c:\users\gc1832\desktop\ゲーム制作\wdengine\wdengine\gametemplate\game\x64\debug\skeleton.obj
c:\users\gc1832\desktop\ゲーム制作\wdengine\wdengine\gametemplate\game\x64\debug\shaderresources.obj
c:\users\gc1832\desktop\ゲーム制作\wdengine\wdengine\gametemplate\game\x64\debug\shader.obj
c:\users\gc1832\desktop\ゲーム制作\wdengine\wdengine\gametemplate\game\x64\debug\graphicsengine.obj
c:\users\gc1832\desktop\ゲーム制作\wdengine\wdengine\gametemplate\game\x64\debug\camera.obj
c:\users\gc1832\desktop\ゲーム制作\wdengine\wdengine\gametemplate\game\x64\debug\animationplaycontroller.obj
c:\users\gc1832\desktop\ゲーム制作\wdengine\wdengine\gametemplate\game\x64\debug\animationclip.obj
c:\users\gc1832\desktop\ゲーム制作\wdengine\wdengine\gametemplate\game\x64\debug\animation.obj
c:\users\gc1832\desktop\ゲーム制作\wdengine\wdengine\gametemplate\game\x64\debug\charactercontroller.obj
c:\users\gc1832\desktop\ゲーム制作\wdengine\wdengine\gametemplate\game\x64\debug\cgameobjectmanager.obj
c:\users\gc1832\desktop\ゲーム制作\wdengine\wdengine\gametemplate\game\x64\debug\system.obj
c:\users\gc1832\desktop\ゲーム制作\wdengine\wdengine\gametemplate\game\x64\debug\sprite.obj
c:\users\gc1832\desktop\ゲーム制作\wdengine\wdengine\gametemplate\game\x64\debug\player.obj
c:\users\gc1832\desktop\ゲーム制作\wdengine\wdengine\gametemplate\game\x64\debug\physicsstaticobject.obj
c:\users\gc1832\desktop\ゲーム制作\wdengine\wdengine\gametemplate\game\x64\debug\capsulecollider.obj
c:\users\gc1832\desktop\ゲーム制作\wdengine\wdengine\gametemplate\game\x64\debug\rigidbody.obj
c:\users\gc1832\desktop\ゲーム制作\wdengine\wdengine\gametemplate\game\x64\debug\physics.obj
c:\users\gc1832\desktop\ゲーム制作\wdengine\wdengine\gametemplate\game\x64\debug\meshcollider.obj
c:\users\gc1832\desktop\ゲーム制作\wdengine\wdengine\gametemplate\game\x64\debug\vector.obj
c:\users\gc1832\desktop\ゲーム制作\wdengine\wdengine\gametemplate\game\assets\modeldata\unitychan.cmo
c:\users\gc1832\desktop\ゲーム制作\wdengine\wdengine\gametemplate\game\assets\modeldata\_program files (x86)_microsoft visual studio_2017_community_common7_ide_extensions_microsoft_vsgraphics_assets_effects_phong.dgsl.cso
c:\users\gc1832\desktop\ゲーム制作\wdengine\wdengine\gametemplate\game\assets\modeldata\_users_gc1832_desktop_ゲーム制作_wdengine_wdengine_gametemplate_game_assets_modeldata_utc__all2.tga.dds
c:\users\gc1832\desktop\ゲーム制作\wdengine\wdengine\gametemplate\game\x64\debug\game.tlog\cl.command.1.tlog
c:\users\gc1832\desktop\ゲーム制作\wdengine\wdengine\gametemplate\game\x64\debug\game.tlog\cl.read.1.tlog
c:\users\gc1832\desktop\ゲーム制作\wdengine\wdengine\gametemplate\game\x64\debug\game.tlog\cl.write.1.tlog
c:\users\gc1832\desktop\ゲーム制作\wdengine\wdengine\gametemplate\game\x64\debug\game.tlog\link.12228.read.1.tlog
c:\users\gc1832\desktop\ゲーム制作\wdengine\wdengine\gametemplate\game\x64\debug\game.tlog\link.12228.write.1.tlog
c:\users\gc1832\desktop\ゲーム制作\wdengine\wdengine\gametemplate\game\x64\debug\game.tlog\link.command.1.tlog
c:\users\gc1832\desktop\ゲーム制作\wdengine\wdengine\gametemplate\game\x64\debug\game.tlog\meshcontenttask-vsgraphics.read.1.tlog
c:\users\gc1832\desktop\ゲーム制作\wdengine\wdengine\gametemplate\game\x64\debug\game.tlog\meshcontenttask-vsgraphics.write.1.tlog
